[metro-file-map] Cache write error
: Error: EPERM: operation not permitted, open 'C:\Users\Nandu\AppData\Local\Temp\metro-file-map-1827675e2e036af911be929fc40dae46-6cb4fb9ab0aa6fba78f386bfa90198ff'
    at open (node:internal/fs/promises:637:25)
    at Object.writeFile (node:internal/fs/promises:1239:14)
    at C:\Users\Nandu\Downloads\hosfind\project\node_modules\@expo\metro\node_modules\metro-file-map\src\cache\DiskCacheManager.js:82:11
    at DiskCacheManager.write (C:\Users\Nandu\Downloads\hosfind\project\node_modules\@expo\metro\node_modules\metro-file-map\src\cache\DiskCacheManager.js:108:7)
    at FileMap._takeSnapshotAndPersist (C:\Users\Nandu\Downloads\hosfind\project\node_modules\@expo\metro\node_modules\metro-file-map\src\index.js:459:5)
    at C:\Users\Nandu\Downloads\hosfind\project\node_modules\@expo\metro\node_modules\metro-file-map\src\index.js:255:9
    at DependencyGraph.ready (C:\Users\Nandu\Downloads\hosfind\project\node_modules\@expo\metro\node_modules\metro\src\node-haste\DependencyGraph.js:79:5)
    at Bundler.ready (C:\Users\Nandu\Downloads\hosfind\project\node_modules\@expo\metro\node_modules\metro\src\Bundler.js:51:5)
    at IncrementalBundler.ready (C:\Users\Nandu\Downloads\hosfind\project\node_modules\@expo\metro\node_modules\metro\src\IncrementalBundler.js:266:5)
    at Server.ready (C:\Users\Nandu\Downloads\hosfind\project\node_modules\@expo\metro\node_modules\metro\src\Server.js:1204:5) {
  errno: -4048,
  code: 'EPERM',
  syscall: 'open',
  path: 'C:\\Users\\Nandu\\AppData\\Local\\Temp\\metro-file-map-1827675e2e036af911be929fc40dae46-6cb4fb9ab0aa6fba78f386bfa90198ff'
}
(node:6236) Warning: Setting the NODE_TLS_REJECT_UNAUTHORIZED environment variable to '0' makes TLS connections and HTTPS requests insecure by disabling certificate verification.
(Use `node --trace-warnings ...` to show where the warning was created)
Error: EPERM: operation not permitted, open 'C:\Users\Nandu\.expo\native-modules-cache\4eac05f09e7b22357f472d154815c154e11cfd854e20eb7034de1f87ad6b802f-body.bin'
Error: EPERM: operation not permitted, open 'C:\Users\Nandu\.expo\native-modules-cache\4eac05f09e7b22357f472d154815c154e11cfd854e20eb7034de1f87ad6b802f-body.bin'
